0 info it worked if it ends with ok
1 verbose cli [ '/Users/bmearns/.nvm/versions/io.js/v3.3.1/bin/iojs',
1 verbose cli   '/Users/bmearns/.nvm/versions/io.js/v3.3.1/bin/npm',
1 verbose cli   'run',
1 verbose cli   'test' ]
2 info using npm@2.14.3
3 info using node@v3.3.1
4 verbose run-script [ 'pretest', 'test', 'posttest' ]
5 info pretest uigradients.gradients@2.0.0-2
6 info test uigradients.gradients@2.0.0-2
7 verbose unsafe-perm in lifecycle true
8 info uigradients.gradients@2.0.0-2 Failed to exec test script
9 verbose stack Error: uigradients.gradients@2.0.0-2 test: `npm run pre-check && npm run compile && npm run check`
9 verbose stack Exit status 1
9 verbose stack     at EventEmitter.<anonymous> (/Users/bmearns/.nvm/versions/io.js/v3.3.1/lib/node_modules/npm/lib/utils/lifecycle.js:214:16)
9 verbose stack     at emitTwo (events.js:87:13)
9 verbose stack     at EventEmitter.emit (events.js:172:7)
9 verbose stack     at ChildProcess.<anonymous> (/Users/bmearns/.nvm/versions/io.js/v3.3.1/lib/node_modules/npm/lib/utils/spawn.js:24:14)
9 verbose stack     at emitTwo (events.js:87:13)
9 verbose stack     at ChildProcess.emit (events.js:172:7)
9 verbose stack     at maybeClose (internal/child_process.js:764:16)
9 verbose stack     at Process.ChildProcess._handle.onexit (internal/child_process.js:211:5)
10 verbose pkgid uigradients.gradients@2.0.0-2
11 verbose cwd /Users/bmearns/sandbox/uigradients.gradients
12 error Darwin 15.6.0
13 error argv "/Users/bmearns/.nvm/versions/io.js/v3.3.1/bin/iojs" "/Users/bmearns/.nvm/versions/io.js/v3.3.1/bin/npm" "run" "test"
14 error node v3.3.1
15 error npm  v2.14.3
16 error code ELIFECYCLE
17 error uigradients.gradients@2.0.0-2 test: `npm run pre-check && npm run compile && npm run check`
17 error Exit status 1
18 error Failed at the uigradients.gradients@2.0.0-2 test script 'npm run pre-check && npm run compile && npm run check'.
18 error This is most likely a problem with the uigradients.gradients package,
18 error not with npm itself.
18 error Tell the author that this fails on your system:
18 error     npm run pre-check && npm run compile && npm run check
18 error You can get their info via:
18 error     npm owner ls uigradients.gradients
18 error There is likely additional logging output above.
19 verbose exit [ 1, true ]
